[0m23:47:33.440486 [debug] [MainThread]: Sending event: {'category': 'dbt', 'action': 'invocation', 'label': 'start', 'context': [<snowplow_tracker.self_describing_json.SelfDescribingJson object at 0x0000029B8B3234D0>, <snowplow_tracker.self_describing_json.SelfDescribingJson object at 0x0000029B8C76FC50>, <snowplow_tracker.self_describing_json.SelfDescribingJson object at 0x0000029B8C76FB10>]}


============================== 23:47:33.443392 | 9ad7bc50-65a9-4f9b-a809-8ba0f848a078 ==============================
[0m23:47:33.443392 [info ] [MainThread]: Running with dbt=1.11.2
[0m23:47:33.443810 [debug] [MainThread]: running dbt with arguments {'version_check': 'True', 'no_print': 'None', 'static_parser': 'True', 'target_path': 'None', 'warn_error_options': 'WarnErrorOptionsV2(error=[], warn=[], silence=[])', 'printer_width': '80', 'write_json': 'True', 'introspect': 'True', 'log_cache_events': 'False', 'empty': 'False', 'cache_selected_only': 'False', 'fail_fast': 'False', 'debug': 'False', 'log_format': 'default', 'profiles_dir': 'C:\\Users\\ADMIN\\Documents\\pipeline_google_ads\\dbt', 'send_anonymous_usage_stats': 'True', 'quiet': 'False', 'warn_error': 'None', 'partial_parse': 'True', 'invocation_command': 'dbt build --project-dir C:\\Users\\ADMIN\\Documents\\pipeline_google_ads\\dbt --profiles-dir C:\\Users\\ADMIN\\Documents\\pipeline_google_ads\\dbt --select tag:mart', 'indirect_selection': 'eager', 'use_colors': 'True', 'use_experimental_parser': 'False', 'log_path': 'C:\\Users\\ADMIN\\Documents\\pipeline_google_ads\\dbt\\logs'}
[0m23:47:38.111034 [debug] [MainThread]: Sending event: {'category': 'dbt', 'action': 'project_id', 'label': '9ad7bc50-65a9-4f9b-a809-8ba0f848a078', 'context': [<snowplow_tracker.self_describing_json.SelfDescribingJson object at 0x0000029B8BAA1BA0>]}
[0m23:47:38.164221 [debug] [MainThread]: Sending event: {'category': 'dbt', 'action': 'adapter_info', 'label': '9ad7bc50-65a9-4f9b-a809-8ba0f848a078', 'context': [<snowplow_tracker.self_describing_json.SelfDescribingJson object at 0x0000029B8B1C98C0>]}
[0m23:47:38.164646 [info ] [MainThread]: Registered adapter: bigquery=1.11.0
[0m23:47:38.439003 [debug] [MainThread]: checksum: 3d40d8bbe1bef07db1c24822f2dbfff8bc07f2a48ed4fe2658a40653aec0b54b, vars: {}, profile: , target: , version: 1.11.2
[0m23:47:38.439590 [info ] [MainThread]: Unable to do partial parsing because saved manifest not found. Starting full parse.
[0m23:47:38.439809 [debug] [MainThread]: Sending event: {'category': 'dbt', 'action': 'partial_parser', 'label': '9ad7bc50-65a9-4f9b-a809-8ba0f848a078', 'context': [<snowplow_tracker.self_describing_json.SelfDescribingJson object at 0x0000029BC379F950>]}
[0m23:47:40.349352 [warn ] [MainThread]: [[33mWARNING[0m]: Configuration paths exist in your dbt_project.yml file which do not apply to any resources.
There are 3 unused configuration paths:
- models.ads_warehouse.mart
- models.ads_warehouse.int
- models.ads_warehouse.stg
[0m23:47:40.354203 [debug] [MainThread]: Sending event: {'category': 'dbt', 'action': 'load_project', 'label': '9ad7bc50-65a9-4f9b-a809-8ba0f848a078', 'context': [<snowplow_tracker.self_describing_json.SelfDescribingJson object at 0x0000029BC4031C70>]}
[0m23:47:40.391278 [debug] [MainThread]: Wrote artifact WritableManifest to C:\Users\ADMIN\Documents\pipeline_google_ads\dbt\target\manifest.json
[0m23:47:40.393228 [debug] [MainThread]: Wrote artifact SemanticManifest to C:\Users\ADMIN\Documents\pipeline_google_ads\dbt\target\semantic_manifest.json
[0m23:47:40.415005 [debug] [MainThread]: Sending event: {'category': 'dbt', 'action': 'resource_counts', 'label': '9ad7bc50-65a9-4f9b-a809-8ba0f848a078', 'context': [<snowplow_tracker.self_describing_json.SelfDescribingJson object at 0x0000029BC44FEDD0>]}
[0m23:47:40.415323 [info ] [MainThread]: Found 3 models, 3 sources, 538 macros
[0m23:47:40.415697 [warn ] [MainThread]: The selection criterion 'tag:mart' does not match any enabled nodes
[0m23:47:40.416352 [warn ] [MainThread]: Nothing to do. Try checking your model configs and model specification args
[0m23:47:40.416707 [debug] [MainThread]: Command end result
[0m23:47:40.428523 [debug] [MainThread]: Wrote artifact WritableManifest to C:\Users\ADMIN\Documents\pipeline_google_ads\dbt\target\manifest.json
[0m23:47:40.429846 [debug] [MainThread]: Wrote artifact SemanticManifest to C:\Users\ADMIN\Documents\pipeline_google_ads\dbt\target\semantic_manifest.json
[0m23:47:40.431724 [debug] [MainThread]: Wrote artifact RunExecutionResult to C:\Users\ADMIN\Documents\pipeline_google_ads\dbt\target\run_results.json
[0m23:47:40.432116 [debug] [MainThread]: Command `dbt build` succeeded at 23:47:40.432053 after 7.10 seconds
[0m23:47:40.432318 [debug] [MainThread]: Sending event: {'category': 'dbt', 'action': 'invocation', 'label': 'end', 'context': [<snowplow_tracker.self_describing_json.SelfDescribingJson object at 0x0000029BC4587EE0>, <snowplow_tracker.self_describing_json.SelfDescribingJson object at 0x0000029B8C77D9D0>, <snowplow_tracker.self_describing_json.SelfDescribingJson object at 0x0000029BC4412D50>]}
[0m23:47:40.432502 [debug] [MainThread]: Flushing usage events
[0m23:47:42.036340 [debug] [MainThread]: An error was encountered while trying to flush usage events
[0m23:50:06.197556 [debug] [MainThread]: Sending event: {'category': 'dbt', 'action': 'invocation', 'label': 'start', 'context': [<snowplow_tracker.self_describing_json.SelfDescribingJson object at 0x000002588E1234D0>, <snowplow_tracker.self_describing_json.SelfDescribingJson object at 0x000002588F57BC50>, <snowplow_tracker.self_describing_json.SelfDescribingJson object at 0x000002588F57BB10>]}


============================== 23:50:06.200261 | 756266da-2a23-4769-8ae2-9770585c8255 ==============================
[0m23:50:06.200261 [info ] [MainThread]: Running with dbt=1.11.2
[0m23:50:06.200580 [debug] [MainThread]: running dbt with arguments {'version_check': 'True', 'no_print': 'None', 'static_parser': 'True', 'warn_error_options': 'WarnErrorOptionsV2(error=[], warn=[], silence=[])', 'target_path': 'None', 'printer_width': '80', 'write_json': 'True', 'empty': 'False', 'log_cache_events': 'False', 'introspect': 'True', 'cache_selected_only': 'False', 'fail_fast': 'False', 'debug': 'False', 'log_format': 'default', 'profiles_dir': 'C:\\Users\\ADMIN\\Documents\\pipeline_google_ads\\dbt', 'send_anonymous_usage_stats': 'True', 'quiet': 'False', 'warn_error': 'None', 'partial_parse': 'True', 'invocation_command': 'dbt build --project-dir C:\\Users\\ADMIN\\Documents\\pipeline_google_ads\\dbt --profiles-dir C:\\Users\\ADMIN\\Documents\\pipeline_google_ads\\dbt --select tag:mart', 'indirect_selection': 'eager', 'use_colors': 'True', 'use_experimental_parser': 'False', 'log_path': 'C:\\Users\\ADMIN\\Documents\\pipeline_google_ads\\dbt\\logs'}
[0m23:50:10.839837 [debug] [MainThread]: Sending event: {'category': 'dbt', 'action': 'project_id', 'label': '756266da-2a23-4769-8ae2-9770585c8255', 'context': [<snowplow_tracker.self_describing_json.SelfDescribingJson object at 0x000002588E8A1BA0>]}
[0m23:50:10.888678 [debug] [MainThread]: Sending event: {'category': 'dbt', 'action': 'adapter_info', 'label': '756266da-2a23-4769-8ae2-9770585c8255', 'context': [<snowplow_tracker.self_describing_json.SelfDescribingJson object at 0x000002588DFC98C0>]}
[0m23:50:10.889107 [info ] [MainThread]: Registered adapter: bigquery=1.11.0
[0m23:50:11.126015 [debug] [MainThread]: checksum: 3d40d8bbe1bef07db1c24822f2dbfff8bc07f2a48ed4fe2658a40653aec0b54b, vars: {}, profile: , target: , version: 1.11.2
[0m23:50:11.220087 [debug] [MainThread]: Partial parsing enabled: 3 files deleted, 3 files added, 0 files changed.
[0m23:50:11.220431 [debug] [MainThread]: Partial parsing: added file: pipeline_digital_ads://models\stg\sources.yml
[0m23:50:11.220613 [debug] [MainThread]: Partial parsing: added file: pipeline_digital_ads://models\mart\mart_campaign_insights.sql
[0m23:50:11.220775 [debug] [MainThread]: Partial parsing: added file: pipeline_digital_ads://models\stg\stg_campaign_insights.sql
[0m23:50:11.220991 [debug] [MainThread]: Partial parsing: deleted file: pipeline_digital_ads://models\staging\stg_campaign_insights.sql
[0m23:50:11.221209 [debug] [MainThread]: Partial parsing: deleted file: pipeline_digital_ads://models\marts\mart_campaign_insights.sql
[0m23:50:11.482745 [warn ] [MainThread]: [[33mWARNING[0m]: Configuration paths exist in your dbt_project.yml file which do not apply to any resources.
There are 3 unused configuration paths:
- models.ads_warehouse.mart
- models.ads_warehouse.stg
- models.ads_warehouse.int
[0m23:50:11.488031 [debug] [MainThread]: Sending event: {'category': 'dbt', 'action': 'load_project', 'label': '756266da-2a23-4769-8ae2-9770585c8255', 'context': [<snowplow_tracker.self_describing_json.SelfDescribingJson object at 0x00000258C6D76450>]}
[0m23:50:11.525773 [debug] [MainThread]: Wrote artifact WritableManifest to C:\Users\ADMIN\Documents\pipeline_google_ads\dbt\target\manifest.json
[0m23:50:11.527208 [debug] [MainThread]: Wrote artifact SemanticManifest to C:\Users\ADMIN\Documents\pipeline_google_ads\dbt\target\semantic_manifest.json
[0m23:50:11.550126 [debug] [MainThread]: Sending event: {'category': 'dbt', 'action': 'resource_counts', 'label': '756266da-2a23-4769-8ae2-9770585c8255', 'context': [<snowplow_tracker.self_describing_json.SelfDescribingJson object at 0x00000258C6E60E60>]}
[0m23:50:11.550424 [info ] [MainThread]: Found 3 models, 3 sources, 538 macros
[0m23:50:11.550789 [warn ] [MainThread]: The selection criterion 'tag:mart' does not match any enabled nodes
[0m23:50:11.551572 [warn ] [MainThread]: Nothing to do. Try checking your model configs and model specification args
[0m23:50:11.551938 [debug] [MainThread]: Command end result
[0m23:50:11.562517 [debug] [MainThread]: Wrote artifact WritableManifest to C:\Users\ADMIN\Documents\pipeline_google_ads\dbt\target\manifest.json
[0m23:50:11.563784 [debug] [MainThread]: Wrote artifact SemanticManifest to C:\Users\ADMIN\Documents\pipeline_google_ads\dbt\target\semantic_manifest.json
[0m23:50:11.565663 [debug] [MainThread]: Wrote artifact RunExecutionResult to C:\Users\ADMIN\Documents\pipeline_google_ads\dbt\target\run_results.json
[0m23:50:11.566059 [debug] [MainThread]: Command `dbt build` succeeded at 23:50:11.565997 after 5.46 seconds
[0m23:50:11.566255 [debug] [MainThread]: Sending event: {'category': 'dbt', 'action': 'invocation', 'label': 'end', 'context': [<snowplow_tracker.self_describing_json.SelfDescribingJson object at 0x000002588F55BCB0>, <snowplow_tracker.self_describing_json.SelfDescribingJson object at 0x00000258C7283BD0>, <snowplow_tracker.self_describing_json.SelfDescribingJson object at 0x00000258C72EBD40>]}
[0m23:50:11.566439 [debug] [MainThread]: Flushing usage events
[0m23:50:13.559785 [debug] [MainThread]: An error was encountered while trying to flush usage events
[0m23:53:51.152252 [debug] [MainThread]: Sending event: {'category': 'dbt', 'action': 'invocation', 'label': 'start', 'context': [<snowplow_tracker.self_describing_json.SelfDescribingJson object at 0x000001D86D12F4D0>, <snowplow_tracker.self_describing_json.SelfDescribingJson object at 0x000001D86E58FC50>, <snowplow_tracker.self_describing_json.SelfDescribingJson object at 0x000001D86E58FB10>]}


============================== 23:53:51.155262 | e6428a79-0fe8-49c5-b3cc-c80a67229831 ==============================
[0m23:53:51.155262 [info ] [MainThread]: Running with dbt=1.11.2
[0m23:53:51.155587 [debug] [MainThread]: running dbt with arguments {'version_check': 'True', 'no_print': 'None', 'static_parser': 'True', 'warn_error_options': 'WarnErrorOptionsV2(error=[], warn=[], silence=[])', 'target_path': 'None', 'printer_width': '80', 'write_json': 'True', 'introspect': 'True', 'log_cache_events': 'False', 'empty': 'False', 'cache_selected_only': 'False', 'fail_fast': 'False', 'debug': 'False', 'log_format': 'default', 'partial_parse': 'True', 'send_anonymous_usage_stats': 'True', 'quiet': 'False', 'warn_error': 'None', 'profiles_dir': 'C:\\Users\\ADMIN\\Documents\\pipeline_google_ads\\dbt', 'use_colors': 'True', 'invocation_command': 'dbt build --project-dir C:\\Users\\ADMIN\\Documents\\pipeline_google_ads\\dbt --profiles-dir C:\\Users\\ADMIN\\Documents\\pipeline_google_ads\\dbt --select tag:mart', 'indirect_selection': 'eager', 'use_experimental_parser': 'False', 'log_path': 'C:\\Users\\ADMIN\\Documents\\pipeline_google_ads\\dbt\\logs'}
[0m23:53:55.436347 [debug] [MainThread]: Sending event: {'category': 'dbt', 'action': 'project_id', 'label': 'e6428a79-0fe8-49c5-b3cc-c80a67229831', 'context': [<snowplow_tracker.self_describing_json.SelfDescribingJson object at 0x000001D86D8C1BA0>]}
[0m23:53:55.484735 [debug] [MainThread]: Sending event: {'category': 'dbt', 'action': 'adapter_info', 'label': 'e6428a79-0fe8-49c5-b3cc-c80a67229831', 'context': [<snowplow_tracker.self_describing_json.SelfDescribingJson object at 0x000001D86CFE98C0>]}
[0m23:53:55.485146 [info ] [MainThread]: Registered adapter: bigquery=1.11.0
[0m23:53:55.711622 [debug] [MainThread]: checksum: 3d40d8bbe1bef07db1c24822f2dbfff8bc07f2a48ed4fe2658a40653aec0b54b, vars: {}, profile: , target: , version: 1.11.2
[0m23:53:55.781264 [debug] [MainThread]: Partial parsing enabled: 0 files deleted, 0 files added, 0 files changed.
[0m23:53:55.781532 [debug] [MainThread]: Nothing changed, skipping partial parsing.
[0m23:53:55.781692 [debug] [MainThread]: Partial parsing enabled, no changes found, skipping parsing
[0m23:53:55.784677 [warn ] [MainThread]: [[33mWARNING[0m]: Configuration paths exist in your dbt_project.yml file which do not apply to any resources.
There are 3 unused configuration paths:
- models.ads_warehouse.int
- models.ads_warehouse.stg
- models.ads_warehouse.mart
[0m23:53:55.799899 [debug] [MainThread]: Sending event: {'category': 'dbt', 'action': 'load_project', 'label': 'e6428a79-0fe8-49c5-b3cc-c80a67229831', 'context': [<snowplow_tracker.self_describing_json.SelfDescribingJson object at 0x000001D826051C50>]}
[0m23:53:55.836989 [debug] [MainThread]: Wrote artifact WritableManifest to C:\Users\ADMIN\Documents\pipeline_google_ads\dbt\target\manifest.json
[0m23:53:55.838264 [debug] [MainThread]: Wrote artifact SemanticManifest to C:\Users\ADMIN\Documents\pipeline_google_ads\dbt\target\semantic_manifest.json
[0m23:53:55.861466 [debug] [MainThread]: Sending event: {'category': 'dbt', 'action': 'resource_counts', 'label': 'e6428a79-0fe8-49c5-b3cc-c80a67229831', 'context': [<snowplow_tracker.self_describing_json.SelfDescribingJson object at 0x000001D81EB43C50>]}
[0m23:53:55.861778 [info ] [MainThread]: Found 3 models, 3 sources, 538 macros
[0m23:53:55.862143 [warn ] [MainThread]: The selection criterion 'tag:mart' does not match any enabled nodes
[0m23:53:55.862804 [warn ] [MainThread]: Nothing to do. Try checking your model configs and model specification args
[0m23:53:55.863883 [debug] [MainThread]: Command end result
[0m23:53:55.874284 [debug] [MainThread]: Wrote artifact WritableManifest to C:\Users\ADMIN\Documents\pipeline_google_ads\dbt\target\manifest.json
[0m23:53:55.875492 [debug] [MainThread]: Wrote artifact SemanticManifest to C:\Users\ADMIN\Documents\pipeline_google_ads\dbt\target\semantic_manifest.json
[0m23:53:55.877296 [debug] [MainThread]: Wrote artifact RunExecutionResult to C:\Users\ADMIN\Documents\pipeline_google_ads\dbt\target\run_results.json
[0m23:53:55.877799 [debug] [MainThread]: Command `dbt build` succeeded at 23:53:55.877704 after 4.81 seconds
[0m23:53:55.878015 [debug] [MainThread]: Sending event: {'category': 'dbt', 'action': 'invocation', 'label': 'end', 'context': [<snowplow_tracker.self_describing_json.SelfDescribingJson object at 0x000001D86E57BCB0>, <snowplow_tracker.self_describing_json.SelfDescribingJson object at 0x000001D818C283D0>, <snowplow_tracker.self_describing_json.SelfDescribingJson object at 0x000001D826337D40>]}
[0m23:53:55.878199 [debug] [MainThread]: Flushing usage events
[0m23:53:56.987974 [debug] [MainThread]: An error was encountered while trying to flush usage events
